2021-07-02T15:43:03+00:00 INFO Generating payment form for order 14. Notify URL: http://danyuan.com/wc-api/WC_Gateway_Paypal/
2021-07-02T15:43:03+00:00 INFO PayPal Request Args for order 14: Array
(
    [cmd] => _cart
    [business] => lymoslymos@163.com
    [no_note] => 1
    [currency_code] => USD
    [charset] => utf-8
    [rm] => 1
    [upload] => 1
    [return] => http://danyuan.com/checkout/order-received/14/?key=wc_order_W2sAHF0CrPOXt&utm_nooverride=1
    [cancel_return] => http://danyuan.com/cart/?cancel_order=true&order=wc_order_W2sAHF0CrPOXt&order_id=14&redirect&_wpnonce=11f737de90
    [image_url] => 
    [paymentaction] => sale
    [invoice] => WC-14
    [custom] => {"order_id":14,"order_key":"wc_order_W2sAHF0CrPOXt"}
    [notify_url] => http://danyuan.com/wc-api/WC_Gateway_Paypal/
    [first_name] => ***
    [last_name] => ***
    [address1] => ***
    [address2] => ***
    [city] => ***
    [state] => ***
    [zip] => ***
    [country] => ***
    [email] => ***@***
    [night_phone_a] => ***
    [night_phone_b] => ***
    [night_phone_c] => ***
    [no_shipping] => 1
    [tax_cart] => 0.00
    [item_name_1] => iPhone 12
    [quantity_1] => 1
    [amount_1] => 45
    [item_number_1] => 
    [bn] => WooThemes_Cart
)

